Build started 12/12/2009 1:45:59 AM.
     1>Project "C:\Users\Bu\documents\visual studio 2010\Projects\KaraNa\KaraNa\KaraNa.vcxproj" on node 15 (rebuild target(s)).
     1>_PrepareForClean:
         Deleting file "Debug\KaraNa.lastbuildstate".
       _PrepareForBuild:
         Creating "Debug\KaraNa.unsuccessfulbuild" because "AlwaysCreate" was specified.
       ClCompile:
         C:\Program Files (x86)\Microsoft Visual Studio 10.0\VC\bin\CL.exe /c /ZI /nologo /W3 /WX- /Od /Oy- /D WIN32 /D _DEBUG /D _CONSOLE /D MARKUP_STL /D _UNICODE /D UNICODE /Gm /EHsc /RTC1 /MDd /GS /fp:precise /Zc:wchar_t /Zc:forScope /Fo"Debug\\" /Fd"Debug\vc100.pdb" /Gd /TC /analyze- /errorReport:prompt ..\..\..\..\..\..\..\bison\bin\lex.yy.c ..\..\..\..\..\..\..\bison\bin\one.tab.c
         one.tab.c
     1>one.tab.c(339): warning C4273: 'malloc' : inconsistent dll linkage
                 c:\program files (x86)\microsoft visual studio 10.0\vc\include\stdlib.h(597) : see previous definition of 'malloc'
     1>one.tab.c(346): warning C4273: 'free' : inconsistent dll linkage
                 c:\program files (x86)\microsoft visual studio 10.0\vc\include\stdlib.h(596) : see previous definition of 'free'
     1>one.y(95): warning C4996: 'strcpy': This function or variable may be unsafe. Consider using strcpy_s instead. To disable deprecation, use _CRT_SECURE_NO_WARNINGS. See online help for details.
                 c:\program files (x86)\microsoft visual studio 10.0\vc\include\string.h(72) : see declaration of 'strcpy'
     1>one.y(95): warning C4996: 'strcat': This function or variable may be unsafe. Consider using strcat_s instead. To disable deprecation, use _CRT_SECURE_NO_WARNINGS. See online help for details.
                 c:\program files (x86)\microsoft visual studio 10.0\vc\include\string.h(77) : see declaration of 'strcat'
     1>one.y(99): warning C4996: 'strcpy': This function or variable may be unsafe. Consider using strcpy_s instead. To disable deprecation, use _CRT_SECURE_NO_WARNINGS. See online help for details.
                 c:\program files (x86)\microsoft visual studio 10.0\vc\include\string.h(72) : see declaration of 'strcpy'
     1>one.y(100): warning C4996: 'strcpy': This function or variable may be unsafe. Consider using strcpy_s instead. To disable deprecation, use _CRT_SECURE_NO_WARNINGS. See online help for details.
                 c:\program files (x86)\microsoft visual studio 10.0\vc\include\string.h(72) : see declaration of 'strcpy'
     1>one.y(103): warning C4996: 'strcpy': This function or variable may be unsafe. Consider using strcpy_s instead. To disable deprecation, use _CRT_SECURE_NO_WARNINGS. See online help for details.
                 c:\program files (x86)\microsoft visual studio 10.0\vc\include\string.h(72) : see declaration of 'strcpy'
     1>one.y(145): warning C4996: 'strcpy': This function or variable may be unsafe. Consider using strcpy_s instead. To disable deprecation, use _CRT_SECURE_NO_WARNINGS. See online help for details.
                 c:\program files (x86)\microsoft visual studio 10.0\vc\include\string.h(72) : see declaration of 'strcpy'
     1>one.y(146): warning C4996: 'strcpy': This function or variable may be unsafe. Consider using strcpy_s instead. To disable deprecation, use _CRT_SECURE_NO_WARNINGS. See online help for details.
                 c:\program files (x86)\microsoft visual studio 10.0\vc\include\string.h(72) : see declaration of 'strcpy'
     1>one.y(147): warning C4996: 'strcpy': This function or variable may be unsafe. Consider using strcpy_s instead. To disable deprecation, use _CRT_SECURE_NO_WARNINGS. See online help for details.
                 c:\program files (x86)\microsoft visual studio 10.0\vc\include\string.h(72) : see declaration of 'strcpy'
     1>one.tab.c(1650): warning C4013: 'yyerror' undefined; assuming extern returning int
     1>one.y(155): warning C4996: 'strdup': The POSIX name for this item is deprecated. Instead, use the ISO C++ conformant name: _strdup. See online help for details.
                 c:\program files (x86)\microsoft visual studio 10.0\vc\include\string.h(205) : see declaration of 'strdup'
     1>one.y(162): warning C4996: 'strcpy': This function or variable may be unsafe. Consider using strcpy_s instead. To disable deprecation, use _CRT_SECURE_NO_WARNINGS. See online help for details.
                 c:\program files (x86)\microsoft visual studio 10.0\vc\include\string.h(72) : see declaration of 'strcpy'
     1>one.y(163): warning C4996: 'strcat': This function or variable may be unsafe. Consider using strcat_s instead. To disable deprecation, use _CRT_SECURE_NO_WARNINGS. See online help for details.
                 c:\program files (x86)\microsoft visual studio 10.0\vc\include\string.h(77) : see declaration of 'strcat'
     1>one.y(164): warning C4996: 'strcat': This function or variable may be unsafe. Consider using strcat_s instead. To disable deprecation, use _CRT_SECURE_NO_WARNINGS. See online help for details.
                 c:\program files (x86)\microsoft visual studio 10.0\vc\include\string.h(77) : see declaration of 'strcat'
     1>one.y(166): warning C4996: 'strcat': This function or variable may be unsafe. Consider using strcat_s instead. To disable deprecation, use _CRT_SECURE_NO_WARNINGS. See online help for details.
                 c:\program files (x86)\microsoft visual studio 10.0\vc\include\string.h(77) : see declaration of 'strcat'
     1>one.y(168): warning C4996: 'strcat': This function or variable may be unsafe. Consider using strcat_s instead. To disable deprecation, use _CRT_SECURE_NO_WARNINGS. See online help for details.
                 c:\program files (x86)\microsoft visual studio 10.0\vc\include\string.h(77) : see declaration of 'strcat'
     1>one.y(169): warning C4996: 'strcat': This function or variable may be unsafe. Consider using strcat_s instead. To disable deprecation, use _CRT_SECURE_NO_WARNINGS. See online help for details.
                 c:\program files (x86)\microsoft visual studio 10.0\vc\include\string.h(77) : see declaration of 'strcat'
         lex.yy.c
     1>one.l(43): warning C4013: 'malloc' undefined; assuming extern returning int
     1>one.l(44): warning C4996: 'strcpy': This function or variable may be unsafe. Consider using strcpy_s instead. To disable deprecation, use _CRT_SECURE_NO_WARNINGS. See online help for details.
                 c:\program files (x86)\microsoft visual studio 10.0\vc\include\string.h(72) : see declaration of 'strcpy'
     1>one.l(48): warning C4996: 'strcpy': This function or variable may be unsafe. Consider using strcpy_s instead. To disable deprecation, use _CRT_SECURE_NO_WARNINGS. See online help for details.
                 c:\program files (x86)\microsoft visual studio 10.0\vc\include\string.h(72) : see declaration of 'strcpy'
     1>one.l(52): warning C4996: 'strcpy': This function or variable may be unsafe. Consider using strcpy_s instead. To disable deprecation, use _CRT_SECURE_NO_WARNINGS. See online help for details.
                 c:\program files (x86)\microsoft visual studio 10.0\vc\include\string.h(72) : see declaration of 'strcpy'
     1>one.l(54): warning C4996: 'strcpy': This function or variable may be unsafe. Consider using strcpy_s instead. To disable deprecation, use _CRT_SECURE_NO_WARNINGS. See online help for details.
                 c:\program files (x86)\microsoft visual studio 10.0\vc\include\string.h(72) : see declaration of 'strcpy'
     1>one.l(54): warning C4996: 'strcat': This function or variable may be unsafe. Consider using strcat_s instead. To disable deprecation, use _CRT_SECURE_NO_WARNINGS. See online help for details.
                 c:\program files (x86)\microsoft visual studio 10.0\vc\include\string.h(77) : see declaration of 'strcat'
     1>one.l(57): warning C4996: 'strcpy': This function or variable may be unsafe. Consider using strcpy_s instead. To disable deprecation, use _CRT_SECURE_NO_WARNINGS. See online help for details.
                 c:\program files (x86)\microsoft visual studio 10.0\vc\include\string.h(72) : see declaration of 'strcpy'
     1>one.l(61): warning C4996: 'strcpy': This function or variable may be unsafe. Consider using strcpy_s instead. To disable deprecation, use _CRT_SECURE_NO_WARNINGS. See online help for details.
                 c:\program files (x86)\microsoft visual studio 10.0\vc\include\string.h(72) : see declaration of 'strcpy'
     1>one.l(72): warning C4996: 'strcpy': This function or variable may be unsafe. Consider using strcpy_s instead. To disable deprecation, use _CRT_SECURE_NO_WARNINGS. See online help for details.
                 c:\program files (x86)\microsoft visual studio 10.0\vc\include\string.h(72) : see declaration of 'strcpy'
     1>one.l(79): warning C4996: 'strcpy': This function or variable may be unsafe. Consider using strcpy_s instead. To disable deprecation, use _CRT_SECURE_NO_WARNINGS. See online help for details.
                 c:\program files (x86)\microsoft visual studio 10.0\vc\include\string.h(72) : see declaration of 'strcpy'
     1>one.l(80): warning C4996: 'strcpy': This function or variable may be unsafe. Consider using strcpy_s instead. To disable deprecation, use _CRT_SECURE_NO_WARNINGS. See online help for details.
                 c:\program files (x86)\microsoft visual studio 10.0\vc\include\string.h(72) : see declaration of 'strcpy'
     1>one.l(81): warning C4996: 'strcpy': This function or variable may be unsafe. Consider using strcpy_s instead. To disable deprecation, use _CRT_SECURE_NO_WARNINGS. See online help for details.
                 c:\program files (x86)\microsoft visual studio 10.0\vc\include\string.h(72) : see declaration of 'strcpy'
     1>one.l(84): warning C4996: 'strcpy': This function or variable may be unsafe. Consider using strcpy_s instead. To disable deprecation, use _CRT_SECURE_NO_WARNINGS. See online help for details.
                 c:\program files (x86)\microsoft visual studio 10.0\vc\include\string.h(72) : see declaration of 'strcpy'
     1>lex.yy.c(1437): warning C4996: 'fileno': The POSIX name for this item is deprecated. Instead, use the ISO C++ conformant name: _fileno. See online help for details.
                 c:\program files (x86)\microsoft visual studio 10.0\vc\include\stdio.h(723) : see declaration of 'fileno'
     1>lex.yy.c(1631): warning C4013: 'exit' undefined; assuming extern returning int
     1>lex.yy.c(1712): warning C4013: 'realloc' undefined; assuming extern returning int
     1>lex.yy.c(1722): warning C4013: 'free' undefined; assuming extern returning int
         Generating Code...
     1>c:\users\bu\documents\visual studio 2010\projects\karana\karana\one.y(184): warning C4716: 'yyerror' : must return a value
         C:\Program Files (x86)\Microsoft Visual Studio 10.0\VC\bin\CL.exe /c /ZI /nologo /W3 /WX- /Od /Oy- /D WIN32 /D _DEBUG /D _CONSOLE /D MARKUP_STL /D _UNICODE /D UNICODE /Gm /EHsc /RTC1 /MDd /GS /fp:precise /Zc:wchar_t /Zc:forScope /Fo"Debug\\" /Fd"Debug\vc100.pdb" /Gd /TP /analyze- /errorReport:prompt karana.cpp karana_part1.cpp karana_part2.cpp Markup.cpp QueryManager.cpp StorageManager.cpp
         StorageManager.cpp
     1>c:\users\bu\documents\visual studio 2010\projects\karana\karana\storagemanager.h(159): warning C4099: 'RelationSchemaPair' : type name first seen using 'class' now seen using 'struct'
                 c:\users\bu\documents\visual studio 2010\projects\karana\karana\storagemanager.h(135) : see declaration of 'RelationSchemaPair'
     1>c:\users\bu\documents\visual studio 2010\projects\karana\karana\storagemanager.cpp(46): warning C4018: '<' : signed/unsigned mismatch
     1>c:\users\bu\documents\visual studio 2010\projects\karana\karana\storagemanager.cpp(144): warning C4018: '<' : signed/unsigned mismatch
     1>c:\users\bu\documents\visual studio 2010\projects\karana\karana\storagemanager.cpp(155): warning C4018: '<' : signed/unsigned mismatch
     1>c:\users\bu\documents\visual studio 2010\projects\karana\karana\storagemanager.cpp(165): warning C4018: '<' : signed/unsigned mismatch
     1>c:\users\bu\documents\visual studio 2010\projects\karana\karana\storagemanager.cpp(174): warning C4018: '<' : signed/unsigned mismatch
     1>c:\users\bu\documents\visual studio 2010\projects\karana\karana\storagemanager.cpp(226): warning C4018: '>=' : signed/unsigned mismatch
     1>c:\users\bu\documents\visual studio 2010\projects\karana\karana\storagemanager.cpp(242): warning C4018: '>=' : signed/unsigned mismatch
     1>c:\users\bu\documents\visual studio 2010\projects\karana\karana\storagemanager.cpp(251): warning C4018: '>' : signed/unsigned mismatch
     1>c:\users\bu\documents\visual studio 2010\projects\karana\karana\storagemanager.cpp(317): warning C4018: '>=' : signed/unsigned mismatch
     1>c:\users\bu\documents\visual studio 2010\projects\karana\karana\storagemanager.cpp(362): warning C4018: '>=' : signed/unsigned mismatch
         QueryManager.cpp
     1>c:\users\bu\documents\visual studio 2010\projects\karana\karana\storagemanager.h(159): warning C4099: 'RelationSchemaPair' : type name first seen using 'class' now seen using 'struct'
                 c:\users\bu\documents\visual studio 2010\projects\karana\karana\storagemanager.h(135) : see declaration of 'RelationSchemaPair'
     1>c:\users\bu\documents\visual studio 2010\projects\karana\karana\querymanager.cpp(72): warning C4018: '<' : signed/unsigned mismatch
     1>c:\users\bu\documents\visual studio 2010\projects\karana\karana\querymanager.cpp(263): warning C4018: '<' : signed/unsigned mismatch
     1>c:\users\bu\documents\visual studio 2010\projects\karana\karana\querymanager.cpp(301): warning C4482: nonstandard extension used: enum 'TYPE' used in qualified name
     1>c:\users\bu\documents\visual studio 2010\projects\karana\karana\querymanager.cpp(302): warning C4482: nonstandard extension used: enum 'TYPE' used in qualified name
     1>c:\users\bu\documents\visual studio 2010\projects\karana\karana\querymanager.cpp(303): warning C4482: nonstandard extension used: enum 'TYPE' used in qualified name
     1>c:\users\bu\documents\visual studio 2010\projects\karana\karana\querymanager.cpp(304): warning C4482: nonstandard extension used: enum 'TYPE' used in qualified name
     1>c:\users\bu\documents\visual studio 2010\projects\karana\karana\querymanager.cpp(319): warning C4018: '<' : signed/unsigned mismatch
     1>c:\users\bu\documents\visual studio 2010\projects\karana\karana\querymanager.cpp(369): warning C4482: nonstandard extension used: enum 'TYPE' used in qualified name
     1>c:\users\bu\documents\visual studio 2010\projects\karana\karana\querymanager.cpp(370): warning C4482: nonstandard extension used: enum 'TYPE' used in qualified name
     1>c:\users\bu\documents\visual studio 2010\projects\karana\karana\querymanager.cpp(371): warning C4482: nonstandard extension used: enum 'TYPE' used in qualified name
     1>c:\users\bu\documents\visual studio 2010\projects\karana\karana\querymanager.cpp(372): warning C4482: nonstandard extension used: enum 'TYPE' used in qualified name
     1>c:\users\bu\documents\visual studio 2010\projects\karana\karana\querymanager.cpp(385): warning C4018: '<' : signed/unsigned mismatch
     1>c:\users\bu\documents\visual studio 2010\projects\karana\karana\querymanager.cpp(415): warning C4018: '<' : signed/unsigned mismatch
     1>c:\users\bu\documents\visual studio 2010\projects\karana\karana\querymanager.cpp(519): warning C4018: '<' : signed/unsigned mismatch
     1>c:\users\bu\documents\visual studio 2010\projects\karana\karana\querymanager.cpp(524): warning C4018: '>=' : signed/unsigned mismatch
     1>c:\users\bu\documents\visual studio 2010\projects\karana\karana\querymanager.cpp(536): warning C4018: '<' : signed/unsigned mismatch
     1>c:\users\bu\documents\visual studio 2010\projects\karana\karana\querymanager.cpp(541): warning C4018: '>=' : signed/unsigned mismatch
         Markup.cpp
         karana_part2.cpp
     1>c:\users\bu\documents\visual studio 2010\projects\karana\karana\storagemanager.h(159): warning C4099: 'RelationSchemaPair' : type name first seen using 'class' now seen using 'struct'
                 c:\users\bu\documents\visual studio 2010\projects\karana\karana\storagemanager.h(135) : see declaration of 'RelationSchemaPair'
     1>c:\users\bu\documents\visual studio 2010\projects\karana\karana\querymanager.cpp(72): warning C4018: '<' : signed/unsigned mismatch
     1>c:\users\bu\documents\visual studio 2010\projects\karana\karana\querymanager.cpp(263): warning C4018: '<' : signed/unsigned mismatch
     1>c:\users\bu\documents\visual studio 2010\projects\karana\karana\querymanager.cpp(301): warning C4482: nonstandard extension used: enum 'TYPE' used in qualified name
     1>c:\users\bu\documents\visual studio 2010\projects\karana\karana\querymanager.cpp(302): warning C4482: nonstandard extension used: enum 'TYPE' used in qualified name
     1>c:\users\bu\documents\visual studio 2010\projects\karana\karana\querymanager.cpp(303): warning C4482: nonstandard extension used: enum 'TYPE' used in qualified name
     1>c:\users\bu\documents\visual studio 2010\projects\karana\karana\querymanager.cpp(304): warning C4482: nonstandard extension used: enum 'TYPE' used in qualified name
     1>c:\users\bu\documents\visual studio 2010\projects\karana\karana\querymanager.cpp(319): warning C4018: '<' : signed/unsigned mismatch
     1>c:\users\bu\documents\visual studio 2010\projects\karana\karana\querymanager.cpp(369): warning C4482: nonstandard extension used: enum 'TYPE' used in qualified name
     1>c:\users\bu\documents\visual studio 2010\projects\karana\karana\querymanager.cpp(370): warning C4482: nonstandard extension used: enum 'TYPE' used in qualified name
     1>c:\users\bu\documents\visual studio 2010\projects\karana\karana\querymanager.cpp(371): warning C4482: nonstandard extension used: enum 'TYPE' used in qualified name
     1>c:\users\bu\documents\visual studio 2010\projects\karana\karana\querymanager.cpp(372): warning C4482: nonstandard extension used: enum 'TYPE' used in qualified name
     1>c:\users\bu\documents\visual studio 2010\projects\karana\karana\querymanager.cpp(385): warning C4018: '<' : signed/unsigned mismatch
     1>c:\users\bu\documents\visual studio 2010\projects\karana\karana\querymanager.cpp(415): warning C4018: '<' : signed/unsigned mismatch
     1>c:\users\bu\documents\visual studio 2010\projects\karana\karana\querymanager.cpp(519): warning C4018: '<' : signed/unsigned mismatch
     1>c:\users\bu\documents\visual studio 2010\projects\karana\karana\querymanager.cpp(524): warning C4018: '>=' : signed/unsigned mismatch
     1>c:\users\bu\documents\visual studio 2010\projects\karana\karana\querymanager.cpp(536): warning C4018: '<' : signed/unsigned mismatch
     1>c:\users\bu\documents\visual studio 2010\projects\karana\karana\querymanager.cpp(541): warning C4018: '>=' : signed/unsigned mismatch
     1>c:\users\bu\documents\visual studio 2010\projects\karana\karana\karana_part2.cpp(134): warning C4018: '<' : signed/unsigned mismatch
     1>c:\users\bu\documents\visual studio 2010\projects\karana\karana\karana_part2.cpp(246): warning C4018: '<' : signed/unsigned mismatch
     1>c:\users\bu\documents\visual studio 2010\projects\karana\karana\karana_part2.cpp(372): warning C4018: '<' : signed/unsigned mismatch
     1>c:\users\bu\documents\visual studio 2010\projects\karana\karana\karana_part2.cpp(384): warning C4018: '<' : signed/unsigned mismatch
     1>c:\users\bu\documents\visual studio 2010\projects\karana\karana\karana_part2.cpp(401): warning C4018: '<' : signed/unsigned mismatch
     1>c:\users\bu\documents\visual studio 2010\projects\karana\karana\karana_part2.cpp(465): warning C4018: '<' : signed/unsigned mismatch
     1>c:\users\bu\documents\visual studio 2010\projects\karana\karana\karana_part2.cpp(826): warning C4018: '<' : signed/unsigned mismatch
     1>c:\users\bu\documents\visual studio 2010\projects\karana\karana\karana_part2.cpp(863): warning C4018: '<' : signed/unsigned mismatch
     1>c:\users\bu\documents\visual studio 2010\projects\karana\karana\karana_part2.cpp(865): warning C4018: '<' : signed/unsigned mismatch
     1>c:\users\bu\documents\visual studio 2010\projects\karana\karana\karana_part2.cpp(897): warning C4018: '<' : signed/unsigned mismatch
         karana_part1.cpp
     1>c:\users\bu\documents\visual studio 2010\projects\karana\karana\storagemanager.h(159): warning C4099: 'RelationSchemaPair' : type name first seen using 'class' now seen using 'struct'
                 c:\users\bu\documents\visual studio 2010\projects\karana\karana\storagemanager.h(135) : see declaration of 'RelationSchemaPair'
     1>c:\users\bu\documents\visual studio 2010\projects\karana\karana\querymanager.cpp(72): warning C4018: '<' : signed/unsigned mismatch
     1>c:\users\bu\documents\visual studio 2010\projects\karana\karana\querymanager.cpp(263): warning C4018: '<' : signed/unsigned mismatch
     1>c:\users\bu\documents\visual studio 2010\projects\karana\karana\querymanager.cpp(301): warning C4482: nonstandard extension used: enum 'TYPE' used in qualified name
     1>c:\users\bu\documents\visual studio 2010\projects\karana\karana\querymanager.cpp(302): warning C4482: nonstandard extension used: enum 'TYPE' used in qualified name
     1>c:\users\bu\documents\visual studio 2010\projects\karana\karana\querymanager.cpp(303): warning C4482: nonstandard extension used: enum 'TYPE' used in qualified name
     1>c:\users\bu\documents\visual studio 2010\projects\karana\karana\querymanager.cpp(304): warning C4482: nonstandard extension used: enum 'TYPE' used in qualified name
     1>c:\users\bu\documents\visual studio 2010\projects\karana\karana\querymanager.cpp(319): warning C4018: '<' : signed/unsigned mismatch
     1>c:\users\bu\documents\visual studio 2010\projects\karana\karana\querymanager.cpp(369): warning C4482: nonstandard extension used: enum 'TYPE' used in qualified name
     1>c:\users\bu\documents\visual studio 2010\projects\karana\karana\querymanager.cpp(370): warning C4482: nonstandard extension used: enum 'TYPE' used in qualified name
     1>c:\users\bu\documents\visual studio 2010\projects\karana\karana\querymanager.cpp(371): warning C4482: nonstandard extension used: enum 'TYPE' used in qualified name
     1>c:\users\bu\documents\visual studio 2010\projects\karana\karana\querymanager.cpp(372): warning C4482: nonstandard extension used: enum 'TYPE' used in qualified name
     1>c:\users\bu\documents\visual studio 2010\projects\karana\karana\querymanager.cpp(385): warning C4018: '<' : signed/unsigned mismatch
     1>c:\users\bu\documents\visual studio 2010\projects\karana\karana\querymanager.cpp(415): warning C4018: '<' : signed/unsigned mismatch
     1>c:\users\bu\documents\visual studio 2010\projects\karana\karana\querymanager.cpp(519): warning C4018: '<' : signed/unsigned mismatch
     1>c:\users\bu\documents\visual studio 2010\projects\karana\karana\querymanager.cpp(524): warning C4018: '>=' : signed/unsigned mismatch
     1>c:\users\bu\documents\visual studio 2010\projects\karana\karana\querymanager.cpp(536): warning C4018: '<' : signed/unsigned mismatch
     1>c:\users\bu\documents\visual studio 2010\projects\karana\karana\querymanager.cpp(541): warning C4018: '>=' : signed/unsigned mismatch
     1>c:\users\bu\documents\visual studio 2010\projects\karana\karana\karana_part1.cpp(146): warning C4018: '<' : signed/unsigned mismatch
     1>c:\users\bu\documents\visual studio 2010\projects\karana\karana\karana_part1.cpp(235): warning C4018: '<' : signed/unsigned mismatch
     1>c:\users\bu\documents\visual studio 2010\projects\karana\karana\karana_part1.cpp(337): warning C4101: 'buf' : unreferenced local variable
     1>c:\users\bu\documents\visual studio 2010\projects\karana\karana\karana_part1.cpp(340): warning C4101: 'var' : unreferenced local variable
     1>c:\users\bu\documents\visual studio 2010\projects\karana\karana\karana_part1.cpp(727): warning C4482: nonstandard extension used: enum 'TYPE' used in qualified name
     1>c:\users\bu\documents\visual studio 2010\projects\karana\karana\karana_part1.cpp(728): warning C4482: nonstandard extension used: enum 'TYPE' used in qualified name
     1>c:\users\bu\documents\visual studio 2010\projects\karana\karana\karana_part1.cpp(729): warning C4482: nonstandard extension used: enum 'TYPE' used in qualified name
     1>c:\users\bu\documents\visual studio 2010\projects\karana\karana\karana_part1.cpp(730): warning C4482: nonstandard extension used: enum 'TYPE' used in qualified name
     1>c:\users\bu\documents\visual studio 2010\projects\karana\karana\karana_part1.cpp(865): warning C4018: '<' : signed/unsigned mismatch
     1>c:\users\bu\documents\visual studio 2010\projects\karana\karana\karana_part1.cpp(886): warning C4018: '<' : signed/unsigned mismatch
     1>c:\users\bu\documents\visual studio 2010\projects\karana\karana\karana_part1.cpp(934): warning C4018: '<' : signed/unsigned mismatch
     1>c:\users\bu\documents\visual studio 2010\projects\karana\karana\karana_part1.cpp(967): warning C4018: '<' : signed/unsigned mismatch
     1>c:\users\bu\documents\visual studio 2010\projects\karana\karana\karana_part1.cpp(970): warning C4018: '<' : signed/unsigned mismatch
     1>c:\users\bu\documents\visual studio 2010\projects\karana\karana\karana_part1.cpp(975): warning C4018: '>=' : signed/unsigned mismatch
         karana.cpp
     1>c:\users\bu\documents\visual studio 2010\projects\karana\karana\storagemanager.h(159): warning C4099: 'RelationSchemaPair' : type name first seen using 'class' now seen using 'struct'
                 c:\users\bu\documents\visual studio 2010\projects\karana\karana\storagemanager.h(135) : see declaration of 'RelationSchemaPair'
     1>c:\users\bu\documents\visual studio 2010\projects\karana\karana\querymanager.cpp(72): warning C4018: '<' : signed/unsigned mismatch
     1>c:\users\bu\documents\visual studio 2010\projects\karana\karana\querymanager.cpp(263): warning C4018: '<' : signed/unsigned mismatch
     1>c:\users\bu\documents\visual studio 2010\projects\karana\karana\querymanager.cpp(301): warning C4482: nonstandard extension used: enum 'TYPE' used in qualified name
     1>c:\users\bu\documents\visual studio 2010\projects\karana\karana\querymanager.cpp(302): warning C4482: nonstandard extension used: enum 'TYPE' used in qualified name
     1>c:\users\bu\documents\visual studio 2010\projects\karana\karana\querymanager.cpp(303): warning C4482: nonstandard extension used: enum 'TYPE' used in qualified name
     1>c:\users\bu\documents\visual studio 2010\projects\karana\karana\querymanager.cpp(304): warning C4482: nonstandard extension used: enum 'TYPE' used in qualified name
     1>c:\users\bu\documents\visual studio 2010\projects\karana\karana\querymanager.cpp(319): warning C4018: '<' : signed/unsigned mismatch
     1>c:\users\bu\documents\visual studio 2010\projects\karana\karana\querymanager.cpp(369): warning C4482: nonstandard extension used: enum 'TYPE' used in qualified name
     1>c:\users\bu\documents\visual studio 2010\projects\karana\karana\querymanager.cpp(370): warning C4482: nonstandard extension used: enum 'TYPE' used in qualified name
     1>c:\users\bu\documents\visual studio 2010\projects\karana\karana\querymanager.cpp(371): warning C4482: nonstandard extension used: enum 'TYPE' used in qualified name
     1>c:\users\bu\documents\visual studio 2010\projects\karana\karana\querymanager.cpp(372): warning C4482: nonstandard extension used: enum 'TYPE' used in qualified name
     1>c:\users\bu\documents\visual studio 2010\projects\karana\karana\querymanager.cpp(385): warning C4018: '<' : signed/unsigned mismatch
     1>c:\users\bu\documents\visual studio 2010\projects\karana\karana\querymanager.cpp(415): warning C4018: '<' : signed/unsigned mismatch
     1>c:\users\bu\documents\visual studio 2010\projects\karana\karana\querymanager.cpp(519): warning C4018: '<' : signed/unsigned mismatch
     1>c:\users\bu\documents\visual studio 2010\projects\karana\karana\querymanager.cpp(524): warning C4018: '>=' : signed/unsigned mismatch
     1>c:\users\bu\documents\visual studio 2010\projects\karana\karana\querymanager.cpp(536): warning C4018: '<' : signed/unsigned mismatch
     1>c:\users\bu\documents\visual studio 2010\projects\karana\karana\querymanager.cpp(541): warning C4018: '>=' : signed/unsigned mismatch
     1>c:\users\bu\documents\visual studio 2010\projects\karana\karana\karana.cpp(169): warning C4244: 'argument' : conversion from 'time_t' to 'unsigned int', possible loss of data
     1>c:\users\bu\documents\visual studio 2010\projects\karana\karana\karana.cpp(176): warning C4996: 'gets': This function or variable may be unsafe. Consider using gets_s instead. To disable deprecation, use _CRT_SECURE_NO_WARNINGS. See online help for details.
                 c:\program files (x86)\microsoft visual studio 10.0\vc\include\stdio.h(277) : see declaration of 'gets'
     1>c:\users\bu\documents\visual studio 2010\projects\karana\karana\karana.cpp(186): warning C4996: 'itoa': The POSIX name for this item is deprecated. Instead, use the ISO C++ conformant name: _itoa. See online help for details.
                 c:\program files (x86)\microsoft visual studio 10.0\vc\include\stdlib.h(864) : see declaration of 'itoa'
     1>c:\users\bu\documents\visual studio 2010\projects\karana\karana\karana.cpp(189): warning C4996: 'itoa': The POSIX name for this item is deprecated. Instead, use the ISO C++ conformant name: _itoa. See online help for details.
                 c:\program files (x86)\microsoft visual studio 10.0\vc\include\stdlib.h(864) : see declaration of 'itoa'
     1>c:\users\bu\documents\visual studio 2010\projects\karana\karana\karana.cpp(192): warning C4996: 'itoa': The POSIX name for this item is deprecated. Instead, use the ISO C++ conformant name: _itoa. See online help for details.
                 c:\program files (x86)\microsoft visual studio 10.0\vc\include\stdlib.h(864) : see declaration of 'itoa'
     1>c:\users\bu\documents\visual studio 2010\projects\karana\karana\karana.cpp(195): warning C4996: 'itoa': The POSIX name for this item is deprecated. Instead, use the ISO C++ conformant name: _itoa. See online help for details.
                 c:\program files (x86)\microsoft visual studio 10.0\vc\include\stdlib.h(864) : see declaration of 'itoa'
     1>c:\users\bu\documents\visual studio 2010\projects\karana\karana\karana.cpp(198): warning C4996: 'itoa': The POSIX name for this item is deprecated. Instead, use the ISO C++ conformant name: _itoa. See online help for details.
                 c:\program files (x86)\microsoft visual studio 10.0\vc\include\stdlib.h(864) : see declaration of 'itoa'
         Generating Code...
     1>c:\users\bu\documents\visual studio 2010\projects\karana\karana\karana_part1.cpp(328): warning C4715: 'query2logical' : not all control paths return a value
     1>c:\users\bu\documents\visual studio 2010\projects\karana\karana\querymanager.cpp(74): warning C4715: 'Projection::GetValue' : not all control paths return a value
     1>c:\users\bu\documents\visual studio 2010\projects\karana\karana\karana_part2.cpp(588): warning C4715: 'GetTupleVal' : not all control paths return a value
     1>c:\users\bu\documents\visual studio 2010\projects\karana\karana\querymanager.cpp(423): warning C4715: 'Expression::GetLiteralVal' : not all control paths return a value
     1>c:\users\bu\documents\visual studio 2010\projects\karana\karana\querymanager.cpp(74): warning C4715: 'Projection::GetValue' : not all control paths return a value
       ManifestResourceCompile:
         C:\Program Files (x86)\Microsoft SDKs\Windows\v7.0A\bin\rc.exe /nologo /fo"Debug\KaraNa.exe.embed.manifest.res" Debug\KaraNa_manifest.rc 
       Link:
         C:\Program Files (x86)\Microsoft Visual Studio 10.0\VC\bin\link.exe /ERRORREPORT:PROMPT /OUT:"C:\Users\Bu\documents\visual studio 2010\Projects\KaraNa\Debug\KaraNa.exe" /INCREMENTAL /NOLOGO kernel32.lib user32.lib gdi32.lib winspool.lib comdlg32.lib advapi32.lib shell32.lib ole32.lib oleaut32.lib uuid.lib odbc32.lib odbccp32.lib /MANIFEST /ManifestFile:"Debug\KaraNa.exe.intermediate.manifest" /MANIFESTUAC:"level='asInvoker' uiAccess='false'" /DEBUG /PDB:"C:\Users\Bu\documents\visual studio 2010\Projects\KaraNa\Debug\KaraNa.pdb" /SUBSYSTEM:CONSOLE /TLBID:1 /DYNAMICBASE /NXCOMPAT /IMPLIB:"C:\Users\Bu\documents\visual studio 2010\Projects\KaraNa\Debug\KaraNa.lib" /MACHINE:X86 Debug\lex.yy.obj
         Debug\one.tab.obj
         Debug\karana.obj
         Debug\karana_part1.obj
         Debug\karana_part2.obj
         Debug\Markup.obj
         Debug\QueryManager.obj
         Debug\StorageManager.obj
         Debug\KaraNa.exe.embed.manifest.res
       Manifest:
         C:\Program Files (x86)\Microsoft SDKs\Windows\v7.0A\bin\mt.exe /nologo /verbose /out:"Debug\KaraNa.exe.embed.manifest" /manifest Debug\KaraNa.exe.intermediate.manifest
         C:\Program Files (x86)\Microsoft SDKs\Windows\v7.0A\bin\rc.exe /nologo /fo"Debug\KaraNa.exe.embed.manifest.res" Debug\KaraNa_manifest.rc 
       LinkEmbedManifest:
         C:\Program Files (x86)\Microsoft Visual Studio 10.0\VC\bin\link.exe /ERRORREPORT:PROMPT /OUT:"C:\Users\Bu\documents\visual studio 2010\Projects\KaraNa\Debug\KaraNa.exe" /INCREMENTAL /NOLOGO kernel32.lib user32.lib gdi32.lib winspool.lib comdlg32.lib advapi32.lib shell32.lib ole32.lib oleaut32.lib uuid.lib odbc32.lib odbccp32.lib /MANIFEST /ManifestFile:"Debug\KaraNa.exe.intermediate.manifest" /MANIFESTUAC:"level='asInvoker' uiAccess='false'" /DEBUG /PDB:"C:\Users\Bu\documents\visual studio 2010\Projects\KaraNa\Debug\KaraNa.pdb" /SUBSYSTEM:CONSOLE /TLBID:1 /DYNAMICBASE /NXCOMPAT /IMPLIB:"C:\Users\Bu\documents\visual studio 2010\Projects\KaraNa\Debug\KaraNa.lib" /MACHINE:X86 Debug\lex.yy.obj
         Debug\one.tab.obj
         Debug\karana.obj
         Debug\karana_part1.obj
         Debug\karana_part2.obj
         Debug\Markup.obj
         Debug\QueryManager.obj
         Debug\StorageManager.obj
         Debug\KaraNa.exe.embed.manifest.res
         KaraNa.vcxproj -> C:\Users\Bu\documents\visual studio 2010\Projects\KaraNa\Debug\KaraNa.exe
       _AfterBuild:
         Deleting file "Debug\KaraNa.unsuccessfulbuild".
         Touching "Debug\KaraNa.lastbuildstate".
     1>Done Building Project "C:\Users\Bu\documents\visual studio 2010\Projects\KaraNa\KaraNa\KaraNa.vcxproj" (rebuild target(s)).

Build succeeded.

Time Elapsed 00:00:34.33
