Build started 1/20/2010 12:43:06 PM.
     1>Project "C:\Users\Bu\documents\visual studio 2010\Projects\AttributeWeightSelection\AttributeWeightSelection\AttributeWeightSelection.vcxproj" on node 19 (build target(s)).
     1>_PrepareForBuild:
         Creating "Debug\AttributeWeightSelection.unsuccessfulbuild" because "AlwaysCreate" was specified.
       ClCompile:
         C:\Program Files (x86)\Microsoft Visual Studio 10.0\VC\bin\CL.exe /c /ZI /nologo /W3 /WX- /Od /Oy- /D WIN32 /D _DEBUG /D _CONSOLE /D _UNICODE /D UNICODE /Gm /EHsc /RTC1 /MDd /GS /fp:precise /Zc:wchar_t /Zc:forScope /Fo"Debug\\" /Fd"Debug\vc100.pdb" /Gd /TP /analyze- /errorReport:prompt main.cpp
         main.cpp
     1>c:\users\bu\documents\visual studio 2010\projects\attributeweightselection\attributeweightselection\main.cpp(118): warning C4996: 'scanf': This function or variable may be unsafe. Consider using scanf_s instead. To disable deprecation, use _CRT_SECURE_NO_WARNINGS. See online help for details.
                 c:\program files (x86)\microsoft visual studio 10.0\vc\include\stdio.h(304) : see declaration of 'scanf'
     1>c:\users\bu\documents\visual studio 2010\projects\attributeweightselection\attributeweightselection\main.cpp(132): warning C4996: 'getch': The POSIX name for this item is deprecated. Instead, use the ISO C++ conformant name: _getch. See online help for details.
                 c:\program files (x86)\microsoft visual studio 10.0\vc\include\conio.h(128) : see declaration of 'getch'
     1>c:\users\bu\documents\visual studio 2010\projects\attributeweightselection\attributeweightselection\main.cpp(238): warning C4018: '<' : signed/unsigned mismatch
     1>c:\users\bu\documents\visual studio 2010\projects\attributeweightselection\attributeweightselection\main.cpp(280): warning C4018: '<' : signed/unsigned mismatch
     1>c:\users\bu\documents\visual studio 2010\projects\attributeweightselection\attributeweightselection\main.cpp(325): warning C4018: '<' : signed/unsigned mismatch
     1>c:\users\bu\documents\visual studio 2010\projects\attributeweightselection\attributeweightselection\main.cpp(365): warning C4996: 'itoa': The POSIX name for this item is deprecated. Instead, use the ISO C++ conformant name: _itoa. See online help for details.
                 c:\program files (x86)\microsoft visual studio 10.0\vc\include\stdlib.h(864) : see declaration of 'itoa'
     1>c:\users\bu\documents\visual studio 2010\projects\attributeweightselection\attributeweightselection\main.cpp(373): warning C4995: 'sprintf': name was marked as #pragma deprecated
     1>c:\users\bu\documents\visual studio 2010\projects\attributeweightselection\attributeweightselection\main.cpp(373): warning C4996: 'sprintf': This function or variable may be unsafe. Consider using sprintf_s instead. To disable deprecation, use _CRT_SECURE_NO_WARNINGS. See online help for details.
                 c:\program files (x86)\microsoft visual studio 10.0\vc\include\stdio.h(371) : see declaration of 'sprintf'
       ManifestResourceCompile:
         All outputs are up-to-date.
       Link:
         C:\Program Files (x86)\Microsoft Visual Studio 10.0\VC\bin\link.exe /ERRORREPORT:PROMPT /OUT:"C:\Users\Bu\documents\visual studio 2010\Projects\AttributeWeightSelection\Debug\AttributeWeightSelection.exe" /INCREMENTAL /NOLOGO kernel32.lib user32.lib gdi32.lib winspool.lib comdlg32.lib advapi32.lib shell32.lib ole32.lib oleaut32.lib uuid.lib odbc32.lib odbccp32.lib /MANIFEST /ManifestFile:"Debug\AttributeWeightSelection.exe.intermediate.manifest" /MANIFESTUAC:"level='asInvoker' uiAccess='false'" /DEBUG /PDB:"C:\Users\Bu\documents\visual studio 2010\Projects\AttributeWeightSelection\Debug\AttributeWeightSelection.pdb" /SUBSYSTEM:CONSOLE /TLBID:1 /DYNAMICBASE /NXCOMPAT /IMPLIB:"C:\Users\Bu\documents\visual studio 2010\Projects\AttributeWeightSelection\Debug\AttributeWeightSelection.lib" /MACHINE:X86 Debug\main.obj
         Debug\AttributeWeightSelection.exe.embed.manifest.res
       Manifest:
         C:\Program Files (x86)\Microsoft SDKs\Windows\v7.0A\bin\mt.exe /nologo /verbose /out:"Debug\AttributeWeightSelection.exe.embed.manifest" /manifest Debug\AttributeWeightSelection.exe.intermediate.manifest
         C:\Program Files (x86)\Microsoft SDKs\Windows\v7.0A\bin\rc.exe /nologo /fo"Debug\AttributeWeightSelection.exe.embed.manifest.res" Debug\AttributeWeightSelection_manifest.rc 
       LinkEmbedManifest:
         C:\Program Files (x86)\Microsoft Visual Studio 10.0\VC\bin\link.exe /ERRORREPORT:PROMPT /OUT:"C:\Users\Bu\documents\visual studio 2010\Projects\AttributeWeightSelection\Debug\AttributeWeightSelection.exe" /INCREMENTAL /NOLOGO kernel32.lib user32.lib gdi32.lib winspool.lib comdlg32.lib advapi32.lib shell32.lib ole32.lib oleaut32.lib uuid.lib odbc32.lib odbccp32.lib /MANIFEST /ManifestFile:"Debug\AttributeWeightSelection.exe.intermediate.manifest" /MANIFESTUAC:"level='asInvoker' uiAccess='false'" /DEBUG /PDB:"C:\Users\Bu\documents\visual studio 2010\Projects\AttributeWeightSelection\Debug\AttributeWeightSelection.pdb" /SUBSYSTEM:CONSOLE /TLBID:1 /DYNAMICBASE /NXCOMPAT /IMPLIB:"C:\Users\Bu\documents\visual studio 2010\Projects\AttributeWeightSelection\Debug\AttributeWeightSelection.lib" /MACHINE:X86 Debug\main.obj
         Debug\AttributeWeightSelection.exe.embed.manifest.res
         AttributeWeightSelection.vcxproj -> C:\Users\Bu\documents\visual studio 2010\Projects\AttributeWeightSelection\Debug\AttributeWeightSelection.exe
       _AfterBuild:
         Deleting file "Debug\AttributeWeightSelection.unsuccessfulbuild".
         Touching "Debug\AttributeWeightSelection.lastbuildstate".
     1>Done Building Project "C:\Users\Bu\documents\visual studio 2010\Projects\AttributeWeightSelection\AttributeWeightSelection\AttributeWeightSelection.vcxproj" (build target(s)).

Build succeeded.

Time Elapsed 00:00:25.43
