Build started 12/11/2009 5:05:50 AM.
     1>Project "C:\Users\Bu\Documents\Visual Studio 2010\Projects\KaraNa\KaraNa\KaraNa.vcxproj" on node 11 (build target(s)).
     1>_PrepareForBuild:
         Touching "Debug\KaraNa.unsuccessfulbuild".
       ClCompile:
         All outputs are up-to-date.
         C:\Program Files (x86)\Microsoft Visual Studio 10.0\VC\bin\CL.exe /c /ZI /nologo /W3 /WX- /Od /Oy- /D WIN32 /D _DEBUG /D _CONSOLE /D MARKUP_STL /D _UNICODE /D UNICODE /Gm /EHsc /RTC1 /MDd /GS /fp:precise /Zc:wchar_t /Zc:forScope /Fo"Debug\\" /Fd"Debug\vc100.pdb" /Gd /TP /analyze- /errorReport:prompt karana_part2.cpp
         karana_part2.cpp
     1>c:\users\bu\documents\visual studio 2010\projects\karana\karana\storagemanager.h(157): warning C4099: 'RelationSchemaPair' : type name first seen using 'class' now seen using 'struct'
                 c:\users\bu\documents\visual studio 2010\projects\karana\karana\storagemanager.h(133) : see declaration of 'RelationSchemaPair'
     1>c:\users\bu\documents\visual studio 2010\projects\karana\karana\querymanager.cpp(64): warning C4018: '<' : signed/unsigned mismatch
     1>c:\users\bu\documents\visual studio 2010\projects\karana\karana\querymanager.cpp(255): warning C4018: '<' : signed/unsigned mismatch
     1>c:\users\bu\documents\visual studio 2010\projects\karana\karana\querymanager.cpp(293): warning C4482: nonstandard extension used: enum 'TYPE' used in qualified name
     1>c:\users\bu\documents\visual studio 2010\projects\karana\karana\querymanager.cpp(294): warning C4482: nonstandard extension used: enum 'TYPE' used in qualified name
     1>c:\users\bu\documents\visual studio 2010\projects\karana\karana\querymanager.cpp(295): warning C4482: nonstandard extension used: enum 'TYPE' used in qualified name
     1>c:\users\bu\documents\visual studio 2010\projects\karana\karana\querymanager.cpp(296): warning C4482: nonstandard extension used: enum 'TYPE' used in qualified name
     1>c:\users\bu\documents\visual studio 2010\projects\karana\karana\querymanager.cpp(311): warning C4018: '<' : signed/unsigned mismatch
     1>c:\users\bu\documents\visual studio 2010\projects\karana\karana\querymanager.cpp(358): warning C4482: nonstandard extension used: enum 'TYPE' used in qualified name
     1>c:\users\bu\documents\visual studio 2010\projects\karana\karana\querymanager.cpp(359): warning C4482: nonstandard extension used: enum 'TYPE' used in qualified name
     1>c:\users\bu\documents\visual studio 2010\projects\karana\karana\querymanager.cpp(360): warning C4482: nonstandard extension used: enum 'TYPE' used in qualified name
     1>c:\users\bu\documents\visual studio 2010\projects\karana\karana\querymanager.cpp(361): warning C4482: nonstandard extension used: enum 'TYPE' used in qualified name
     1>c:\users\bu\documents\visual studio 2010\projects\karana\karana\querymanager.cpp(374): warning C4018: '<' : signed/unsigned mismatch
     1>c:\users\bu\documents\visual studio 2010\projects\karana\karana\querymanager.cpp(493): warning C4018: '<' : signed/unsigned mismatch
     1>c:\users\bu\documents\visual studio 2010\projects\karana\karana\querymanager.cpp(498): warning C4018: '>=' : signed/unsigned mismatch
     1>c:\users\bu\documents\visual studio 2010\projects\karana\karana\querymanager.cpp(510): warning C4018: '<' : signed/unsigned mismatch
     1>c:\users\bu\documents\visual studio 2010\projects\karana\karana\querymanager.cpp(515): warning C4018: '>=' : signed/unsigned mismatch
     1>c:\users\bu\documents\visual studio 2010\projects\karana\karana\karana_part2.cpp(116): warning C4018: '<' : signed/unsigned mismatch
     1>c:\users\bu\documents\visual studio 2010\projects\karana\karana\karana_part2.cpp(131): warning C4018: '<' : signed/unsigned mismatch
     1>c:\users\bu\documents\visual studio 2010\projects\karana\karana\karana_part2.cpp(149): warning C4018: '<' : signed/unsigned mismatch
     1>c:\users\bu\documents\visual studio 2010\projects\karana\karana\karana_part2.cpp(256): warning C4018: '<' : signed/unsigned mismatch
     1>c:\users\bu\documents\visual studio 2010\projects\karana\karana\karana_part2.cpp(397): warning C4018: '<' : signed/unsigned mismatch
     1>c:\users\bu\documents\visual studio 2010\projects\karana\karana\karana_part2.cpp(746): warning C4018: '<' : signed/unsigned mismatch
     1>c:\users\bu\documents\visual studio 2010\projects\karana\karana\karana_part2.cpp(517): warning C4715: 'GetTupleVal' : not all control paths return a value
     1>c:\users\bu\documents\visual studio 2010\projects\karana\karana\querymanager.cpp(66): warning C4715: 'Projection::GetValue' : not all control paths return a value
       ManifestResourceCompile:
         All outputs are up-to-date.
       Link:
         C:\Program Files (x86)\Microsoft Visual Studio 10.0\VC\bin\link.exe /ERRORREPORT:PROMPT /OUT:"C:\Users\Bu\Documents\Visual Studio 2010\Projects\KaraNa\Debug\KaraNa.exe" /INCREMENTAL /NOLOGO kernel32.lib user32.lib gdi32.lib winspool.lib comdlg32.lib advapi32.lib shell32.lib ole32.lib oleaut32.lib uuid.lib odbc32.lib odbccp32.lib /MANIFEST /ManifestFile:"Debug\KaraNa.exe.intermediate.manifest" /MANIFESTUAC:"level='asInvoker' uiAccess='false'" /DEBUG /PDB:"C:\Users\Bu\Documents\Visual Studio 2010\Projects\KaraNa\Debug\KaraNa.pdb" /SUBSYSTEM:CONSOLE /TLBID:1 /DYNAMICBASE /NXCOMPAT /IMPLIB:"C:\Users\Bu\Documents\Visual Studio 2010\Projects\KaraNa\Debug\KaraNa.lib" /MACHINE:X86 Debug\lex.yy.obj
         Debug\one.tab.obj
         Debug\karana.obj
         Debug\karana_part1.obj
         Debug\karana_part2.obj
         Debug\Markup.obj
         Debug\QueryManager.obj
         Debug\StorageManager.obj
         Debug\KaraNa.exe.embed.manifest.res
       Manifest:
         C:\Program Files (x86)\Microsoft SDKs\Windows\v7.0A\bin\mt.exe /nologo /verbose /out:"Debug\KaraNa.exe.embed.manifest" /manifest Debug\KaraNa.exe.intermediate.manifest
         C:\Program Files (x86)\Microsoft SDKs\Windows\v7.0A\bin\rc.exe /nologo /fo"Debug\KaraNa.exe.embed.manifest.res" Debug\KaraNa_manifest.rc 
       LinkEmbedManifest:
         C:\Program Files (x86)\Microsoft Visual Studio 10.0\VC\bin\link.exe /ERRORREPORT:PROMPT /OUT:"C:\Users\Bu\Documents\Visual Studio 2010\Projects\KaraNa\Debug\KaraNa.exe" /INCREMENTAL /NOLOGO kernel32.lib user32.lib gdi32.lib winspool.lib comdlg32.lib advapi32.lib shell32.lib ole32.lib oleaut32.lib uuid.lib odbc32.lib odbccp32.lib /MANIFEST /ManifestFile:"Debug\KaraNa.exe.intermediate.manifest" /MANIFESTUAC:"level='asInvoker' uiAccess='false'" /DEBUG /PDB:"C:\Users\Bu\Documents\Visual Studio 2010\Projects\KaraNa\Debug\KaraNa.pdb" /SUBSYSTEM:CONSOLE /TLBID:1 /DYNAMICBASE /NXCOMPAT /IMPLIB:"C:\Users\Bu\Documents\Visual Studio 2010\Projects\KaraNa\Debug\KaraNa.lib" /MACHINE:X86 Debug\lex.yy.obj
         Debug\one.tab.obj
         Debug\karana.obj
         Debug\karana_part1.obj
         Debug\karana_part2.obj
         Debug\Markup.obj
         Debug\QueryManager.obj
         Debug\StorageManager.obj
         Debug\KaraNa.exe.embed.manifest.res
         KaraNa.vcxproj -> C:\Users\Bu\Documents\Visual Studio 2010\Projects\KaraNa\Debug\KaraNa.exe
       _AfterBuild:
         Deleting file "Debug\KaraNa.unsuccessfulbuild".
         Touching "Debug\KaraNa.lastbuildstate".
     1>Done Building Project "C:\Users\Bu\Documents\Visual Studio 2010\Projects\KaraNa\KaraNa\KaraNa.vcxproj" (build target(s)).

Build succeeded.

Time Elapsed 00:00:07.44
