Build started 1/19/2010 1:47:14 AM.
     1>Project "c:\users\bu\documents\visual studio 2010\Projects\URLWordGeneration_StopWordRemoval\URLWordGeneration_StopWordRemoval\URLWordGeneration_StopWordRemoval.vcxproj" on node 51 (build target(s)).
     1>_PrepareForBuild:
         Creating "Debug\URLWordGeneration_StopWordRemoval.unsuccessfulbuild" because "AlwaysCreate" was specified.
       ClCompile:
         C:\Program Files (x86)\Microsoft Visual Studio 10.0\VC\bin\CL.exe /c /ZI /nologo /W3 /WX- /Od /Oy- /D WIN32 /D _DEBUG /D _CONSOLE /D _UNICODE /D UNICODE /Gm /EHsc /RTC1 /MDd /GS /fp:precise /Zc:wchar_t /Zc:forScope /Fo"Debug\\" /Fd"Debug\vc100.pdb" /Gd /TP /analyze- /errorReport:prompt main.cpp
         main.cpp
     1>c:\users\bu\documents\visual studio 2010\projects\urlwordgeneration_stopwordremoval\urlwordgeneration_stopwordremoval\main.cpp(33): warning C4996: 'fopen': This function or variable may be unsafe. Consider using fopen_s instead. To disable deprecation, use _CRT_SECURE_NO_WARNINGS. See online help for details.
                 c:\program files (x86)\microsoft visual studio 10.0\vc\include\stdio.h(234) : see declaration of 'fopen'
     1>c:\users\bu\documents\visual studio 2010\projects\urlwordgeneration_stopwordremoval\urlwordgeneration_stopwordremoval\main.cpp(34): warning C4996: 'fopen': This function or variable may be unsafe. Consider using fopen_s instead. To disable deprecation, use _CRT_SECURE_NO_WARNINGS. See online help for details.
                 c:\program files (x86)\microsoft visual studio 10.0\vc\include\stdio.h(234) : see declaration of 'fopen'
     1>c:\users\bu\documents\visual studio 2010\projects\urlwordgeneration_stopwordremoval\urlwordgeneration_stopwordremoval\main.cpp(35): warning C4996: 'fopen': This function or variable may be unsafe. Consider using fopen_s instead. To disable deprecation, use _CRT_SECURE_NO_WARNINGS. See online help for details.
                 c:\program files (x86)\microsoft visual studio 10.0\vc\include\stdio.h(234) : see declaration of 'fopen'
     1>c:\users\bu\documents\visual studio 2010\projects\urlwordgeneration_stopwordremoval\urlwordgeneration_stopwordremoval\main.cpp(84): warning C4996: 'getch': The POSIX name for this item is deprecated. Instead, use the ISO C++ conformant name: _getch. See online help for details.
                 c:\program files (x86)\microsoft visual studio 10.0\vc\include\conio.h(128) : see declaration of 'getch'
     1>c:\users\bu\documents\visual studio 2010\projects\urlwordgeneration_stopwordremoval\urlwordgeneration_stopwordremoval\main.cpp(106): warning C4996: 'fopen': This function or variable may be unsafe. Consider using fopen_s instead. To disable deprecation, use _CRT_SECURE_NO_WARNINGS. See online help for details.
                 c:\program files (x86)\microsoft visual studio 10.0\vc\include\stdio.h(234) : see declaration of 'fopen'
     1>c:\users\bu\documents\visual studio 2010\projects\urlwordgeneration_stopwordremoval\urlwordgeneration_stopwordremoval\main.cpp(200): warning C4018: '<' : signed/unsigned mismatch
       ManifestResourceCompile:
         All outputs are up-to-date.
       Link:
         C:\Program Files (x86)\Microsoft Visual Studio 10.0\VC\bin\link.exe /ERRORREPORT:PROMPT /OUT:"c:\users\bu\documents\visual studio 2010\Projects\URLWordGeneration_StopWordRemoval\Debug\URLWordGeneration_StopWordRemoval.exe" /INCREMENTAL /NOLOGO kernel32.lib user32.lib gdi32.lib winspool.lib comdlg32.lib advapi32.lib shell32.lib ole32.lib oleaut32.lib uuid.lib odbc32.lib odbccp32.lib /MANIFEST /ManifestFile:"Debug\URLWordGeneration_StopWordRemoval.exe.intermediate.manifest" /MANIFESTUAC:"level='asInvoker' uiAccess='false'" /DEBUG /PDB:"c:\users\bu\documents\visual studio 2010\Projects\URLWordGeneration_StopWordRemoval\Debug\URLWordGeneration_StopWordRemoval.pdb" /SUBSYSTEM:CONSOLE /TLBID:1 /DYNAMICBASE /NXCOMPAT /IMPLIB:"c:\users\bu\documents\visual studio 2010\Projects\URLWordGeneration_StopWordRemoval\Debug\URLWordGeneration_StopWordRemoval.lib" /MACHINE:X86 Debug\main.obj
         Debug\URLWordGeneration_StopWordRemoval.exe.embed.manifest.res
       Manifest:
         C:\Program Files (x86)\Microsoft SDKs\Windows\v7.0A\bin\mt.exe /nologo /verbose /out:"Debug\URLWordGeneration_StopWordRemoval.exe.embed.manifest" /manifest Debug\URLWordGeneration_StopWordRemoval.exe.intermediate.manifest
         C:\Program Files (x86)\Microsoft SDKs\Windows\v7.0A\bin\rc.exe /nologo /fo"Debug\URLWordGeneration_StopWordRemoval.exe.embed.manifest.res" Debug\URLWordGeneration_StopWordRemoval_manifest.rc 
       LinkEmbedManifest:
         C:\Program Files (x86)\Microsoft Visual Studio 10.0\VC\bin\link.exe /ERRORREPORT:PROMPT /OUT:"c:\users\bu\documents\visual studio 2010\Projects\URLWordGeneration_StopWordRemoval\Debug\URLWordGeneration_StopWordRemoval.exe" /INCREMENTAL /NOLOGO kernel32.lib user32.lib gdi32.lib winspool.lib comdlg32.lib advapi32.lib shell32.lib ole32.lib oleaut32.lib uuid.lib odbc32.lib odbccp32.lib /MANIFEST /ManifestFile:"Debug\URLWordGeneration_StopWordRemoval.exe.intermediate.manifest" /MANIFESTUAC:"level='asInvoker' uiAccess='false'" /DEBUG /PDB:"c:\users\bu\documents\visual studio 2010\Projects\URLWordGeneration_StopWordRemoval\Debug\URLWordGeneration_StopWordRemoval.pdb" /SUBSYSTEM:CONSOLE /TLBID:1 /DYNAMICBASE /NXCOMPAT /IMPLIB:"c:\users\bu\documents\visual studio 2010\Projects\URLWordGeneration_StopWordRemoval\Debug\URLWordGeneration_StopWordRemoval.lib" /MACHINE:X86 Debug\main.obj
         Debug\URLWordGeneration_StopWordRemoval.exe.embed.manifest.res
         URLWordGeneration_StopWordRemoval.vcxproj -> c:\users\bu\documents\visual studio 2010\Projects\URLWordGeneration_StopWordRemoval\Debug\URLWordGeneration_StopWordRemoval.exe
       _AfterBuild:
         Deleting file "Debug\URLWordGeneration_StopWordRemoval.unsuccessfulbuild".
         Touching "Debug\URLWordGeneration_StopWordRemoval.lastbuildstate".
     1>Done Building Project "c:\users\bu\documents\visual studio 2010\Projects\URLWordGeneration_StopWordRemoval\URLWordGeneration_StopWordRemoval\URLWordGeneration_StopWordRemoval.vcxproj" (build target(s)).

Build succeeded.

Time Elapsed 00:00:08.20
